<?xml version="1.0" encoding="UTF-8"?>
<testng-results skipped="0" failed="0" total="1" passed="1">
  <reporter-output>
  </reporter-output>
  <suite name="Batch Run" duration-ms="24722" started-at="2017-03-04T02:04:57Z" finished-at="2017-03-04T02:05:21Z">
    <groups>
    </groups>
    <test name="Jenkins" duration-ms="24722" started-at="2017-03-04T02:04:57Z" finished-at="2017-03-04T02:05:21Z">
      <class name="com.testing.project.Firefox_Browser">
        <test-method status="PASS" signature="test()[pri:0, instance:com.testing.project.Firefox_Browser@5f375618]" name="test" duration-ms="24699" started-at="2017-03-03T21:04:57Z" finished-at="2017-03-03T21:05:21Z">
          <reporter-output>
          </reporter-output>
        </test-method> <!-- test -->
      </class> <!-- com.testing.project.Firefox_Browser -->
    </test> <!-- Jenkins -->
  </suite> <!-- Batch Run -->
</testng-results>
